<?xml version="1.0" encoding="UTF-8"?>
<!-- Generated by org.testng.reporters.JUnitXMLReporter -->
<testsuite hostname="LAPTOP-IPCGJ3UF" failures="0" tests="1" name="Test11" time="0.025" errors="0" timestamp="8 Nov 2022 11:49:03 GMT">
  <testcase classname="CrossBrowserTesting.CBT" name="@BeforeMethod init" time="0.0">
    <failure type="org.testng.TestNGException" message="
Parameter &amp;apos;browser&amp;apos; is required by @Configuration on method init but has not been marked @Optional or defined
in D:\Eclips Data\parallelTesting\testng.xml">
      <![CDATA[org.testng.TestNGException: 
Parameter 'browser' is required by @Configuration on method init but has not been marked @Optional or defined
in D:\Eclips Data\parallelTesting\testng.xml
... Removed 23 stack frames]]>
    </failure>
  </testcase> <!-- @BeforeMethod init -->
  <testcase classname="CrossBrowserTesting.CBT" name="@AfterMethod teardown" time="0.0">
    <skipped/>
  </testcase> <!-- @AfterMethod teardown -->
  <testcase classname="CrossBrowserTesting.CBT" name="verifypage" time="0.005">
    <skipped/>
  </testcase> <!-- verifypage -->
</testsuite> <!-- Test11 -->
